[[1;34mINFO[m] Scanning for projects...
[[1;33mWARNING[m] 
[[1;33mWARNING[m] Some problems were encountered while building the effective model for cz.habarta.typescript-generator:typescript-generator-gradle-plugin:jar:1.12-SNAPSHOT
[[1;33mWARNING[m] 'dependencies.dependency.systemPath' for org.gradle:gradle-core:jar should not point at files within the project directory, ${basedir}/gradle-lib/gradle-core-2.0.jar will be unresolvable by dependent projects @ line 21, column 25
[[1;33mWARNING[m] 'dependencies.dependency.systemPath' for org.gradle:gradle-base-services:jar should not point at files within the project directory, ${basedir}/gradle-lib/gradle-base-services-2.0.jar will be unresolvable by dependent projects @ line 28, column 25
[[1;33mWARNING[m] 'dependencies.dependency.systemPath' for org.gradle:gradle-base-services-groovy:jar should not point at files within the project directory, ${basedir}/gradle-lib/gradle-base-services-groovy-2.0.jar will be unresolvable by dependent projects @ line 35, column 25
[[1;33mWARNING[m] 
[[1;33mWARNING[m] It is highly recommended to fix these problems because they threaten the stability of your build.
[[1;33mWARNING[m] 
[[1;33mWARNING[m] For this reason, future Maven versions might no longer support building such malformed projects.
[[1;33mWARNING[m] 
[[1;34mINFO[m] 
[[1;34mINFO[m] [1m-----< [0;36mcz.habarta.typescript-generator:typescript-generator-core[0;1m >------[m
[[1;34mINFO[m] [1mBuilding typescript-generator-core 1.12-SNAPSHOT[m
[[1;34mINFO[m] [1m--------------------------------[ jar ]---------------------------------[m
[[1;34mINFO[m] 
[[1;34mINFO[m] [1m>>> [0;32mnondex-maven-plugin:1.1.2:nondex[m [1m(default-cli)[0;1m > [0;1mtest-compile[m @ [36mtypescript-generator-core[0;1m >>>[m
[[1;34mINFO[m] 
[[1;34mINFO[m] [1m--- [0;32mmaven-jaxb2-plugin:0.13.1:generate[m [1m(generate)[m @ [36mtypescript-generator-core[0;1m ---[m
[[1;34mINFO[m] Up-to-date check for source resources [[file:/home/codebind/typescript-generator/typescript-generator-core/src/main/schema/javadoc.xsd, file:/home/codebind/typescript-generator/typescript-generator-core/pom.xml]] and target resources [[file:/home/codebind/typescript-generator/typescript-generator-core/target/generated-sources/xjc/META-INF/sun-jaxb.episode, file:/home/codebind/typescript-generator/typescript-generator-core/target/generated-sources/xjc/cz/habarta/typescript/generator/xmldoclet/Annotation.java, file:/home/codebind/typescript-generator/typescript-generator-core/target/generated-sources/xjc/cz/habarta/typescript/generator/xmldoclet/TypeInfo.java, file:/home/codebind/typescript-generator/typescript-generator-core/target/generated-sources/xjc/cz/habarta/typescript/generator/xmldoclet/Method.java, file:/home/codebind/typescript-generator/typescript-generator-core/target/generated-sources/xjc/cz/habarta/typescript/generator/xmldoclet/TagInfo.java, file:/home/codebind/typescript-generator/typescript-generator-core/target/generated-sources/xjc/cz/habarta/typescript/generator/xmldoclet/Wildcard.java, file:/home/codebind/typescript-generator/typescript-generator-core/target/generated-sources/xjc/cz/habarta/typescript/generator/xmldoclet/Constructor.java, file:/home/codebind/typescript-generator/typescript-generator-core/target/generated-sources/xjc/cz/habarta/typescript/generator/xmldoclet/ObjectFactory.java, file:/home/codebind/typescript-generator/typescript-generator-core/target/generated-sources/xjc/cz/habarta/typescript/generator/xmldoclet/Interface.java, file:/home/codebind/typescript-generator/typescript-generator-core/target/generated-sources/xjc/cz/habarta/typescript/generator/xmldoclet/Package.java, file:/home/codebind/typescript-generator/typescript-generator-core/target/generated-sources/xjc/cz/habarta/typescript/generator/xmldoclet/AnnotationElement.java, file:/home/codebind/typescript-generator/typescript-generator-core/target/generated-sources/xjc/cz/habarta/typescript/generator/xmldoclet/Field.java, file:/home/codebind/typescript-generator/typescript-generator-core/target/generated-sources/xjc/cz/habarta/typescript/generator/xmldoclet/Class.java, file:/home/codebind/typescript-generator/typescript-generator-core/target/generated-sources/xjc/cz/habarta/typescript/generator/xmldoclet/EnumConstant.java, file:/home/codebind/typescript-generator/typescript-generator-core/target/generated-sources/xjc/cz/habarta/typescript/generator/xmldoclet/TypeParameter.java, file:/home/codebind/typescript-generator/typescript-generator-core/target/generated-sources/xjc/cz/habarta/typescript/generator/xmldoclet/AnnotationInstance.java, file:/home/codebind/typescript-generator/typescript-generator-core/target/generated-sources/xjc/cz/habarta/typescript/generator/xmldoclet/MethodParameter.java, file:/home/codebind/typescript-generator/typescript-generator-core/target/generated-sources/xjc/cz/habarta/typescript/generator/xmldoclet/AnnotationArgument.java, file:/home/codebind/typescript-generator/typescript-generator-core/target/generated-sources/xjc/cz/habarta/typescript/generator/xmldoclet/Root.java, file:/home/codebind/typescript-generator/typescript-generator-core/target/generated-sources/xjc/cz/habarta/typescript/generator/xmldoclet/Enum.java]].
[[1;34mINFO[m] Latest timestamp of the source resources is [2025-06-09 22:52:29.575], earliest timestamp of the target resources is [2025-06-12 23:53:30.524].
[[1;34mINFO[m] Sources are up-to-date, XJC will be skipped.
[[1;34mINFO[m] 
[[1;34mINFO[m] [1m--- [0;32mmaven-resources-plugin:2.6:resources[m [1m(default-resources)[m @ [36mtypescript-generator-core[0;1m ---[m
[[1;34mINFO[m] Using 'UTF-8' encoding to copy filtered resources.
[[1;34mINFO[m] skip non existing resourceDirectory /home/codebind/typescript-generator/typescript-generator-core/src/main/resources
[[1;34mINFO[m] Copying 1 resource
[[1;34mINFO[m] 
[[1;34mINFO[m] [1m--- [0;32mmaven-compiler-plugin:3.2:compile[m [1m(default-compile)[m @ [36mtypescript-generator-core[0;1m ---[m
[[1;34mINFO[m] Nothing to compile - all classes are up to date
[[1;34mINFO[m] 
[[1;34mINFO[m] [1m--- [0;32mmaven-resources-plugin:2.6:testResources[m [1m(default-testResources)[m @ [36mtypescript-generator-core[0;1m ---[m
[[1;34mINFO[m] Using 'UTF-8' encoding to copy filtered resources.
[[1;34mINFO[m] skip non existing resourceDirectory /home/codebind/typescript-generator/typescript-generator-core/src/test/resources
[[1;34mINFO[m] 
[[1;34mINFO[m] [1m--- [0;32mmaven-compiler-plugin:3.2:testCompile[m [1m(default-testCompile)[m @ [36mtypescript-generator-core[0;1m ---[m
[[1;34mINFO[m] Nothing to compile - all classes are up to date
[[1;34mINFO[m] 
[[1;34mINFO[m] [1m<<< [0;32mnondex-maven-plugin:1.1.2:nondex[m [1m(default-cli)[0;1m < [0;1mtest-compile[m @ [36mtypescript-generator-core[0;1m <<<[m
[[1;34mINFO[m] 
[[1;34mINFO[m] 
[[1;34mINFO[m] [1m--- [0;32mnondex-maven-plugin:1.1.2:nondex[m [1m(default-cli)[m @ [36mtypescript-generator-core[0;1m ---[m
INFO: The original argline is: 
INFO: Adding NonDex argLine to existing argLine specified by the project
CONFIG: nondexFilter=.*
nondexMode=FULL
nondexSeed=933178
nondexStart=0
nondexEnd=9223372036854775807
nondexPrintstack=false
nondexDir=/home/codebind/typescript-generator/typescript-generator-core/.nondex
nondexJarDir=.nondex
nondexExecid=clean_GyvSK4Xwy4H9HUditlSHBhatfjlDQQUoYQ8wEPMUGXk=
nondexLogging=CONFIG
test=
[[1;34mINFO[m] Surefire report directory: /home/codebind/typescript-generator/typescript-generator-core/.nondex/clean_GyvSK4Xwy4H9HUditlSHBhatfjlDQQUoYQ8wEPMUGXk=

-------------------------------------------------------
 T E S T S
-------------------------------------------------------
Running cz.habarta.typescript.generator.TaggedUnionsTest
Parsing 'cz.habarta.typescript.generator.TaggedUnionsTest$IShape2'
Parsing 'cz.habarta.typescript.generator.TaggedUnionsTest$CSquare2' used in 'IShape2.<subClass>'
Parsing 'cz.habarta.typescript.generator.TaggedUnionsTest$CRectangle2' used in 'IShape2.<subClass>'
Parsing 'cz.habarta.typescript.generator.TaggedUnionsTest$CCircle2' used in 'IShape2.<subClass>'
Parsing 'cz.habarta.typescript.generator.TaggedUnionsTest$IQuadrilateral2' used in 'CSquare2.<interface>'
Tests run: 1, Failures: 0, Errors: 0, Skipped: 0, Time elapsed: 0.289 sec - in cz.habarta.typescript.generator.TaggedUnionsTest

Results :

Tests run: 1, Failures: 0, Errors: 0, Skipped: 0

INFO: Adding excluded groups to newly created one
INFO: Adding NonDex argLine to existing argLine specified by the project
CONFIG: nondexFilter=.*
nondexMode=FULL
nondexSeed=933178
nondexStart=0
nondexEnd=9223372036854775807
nondexPrintstack=false
nondexDir=/home/codebind/typescript-generator/typescript-generator-core/.nondex
nondexJarDir=/home/codebind/typescript-generator/typescript-generator-core/.nondex
nondexExecid=GXR8QbYgG9NPBO9QGwkzJBn1Lkpslu9zZcXWYMBU=
nondexLogging=CONFIG
test=
[[1;34mINFO[m] Surefire report directory: /home/codebind/typescript-generator/typescript-generator-core/.nondex/GXR8QbYgG9NPBO9QGwkzJBn1Lkpslu9zZcXWYMBU=
[[1;34mINFO[m] parallel='none', perCoreThreadCount=true, threadCount=0, useUnlimitedThreads=false, threadCountSuites=0, threadCountClasses=0, threadCountMethods=0, parallelOptimized=true

-------------------------------------------------------
 T E S T S
-------------------------------------------------------
Running cz.habarta.typescript.generator.TaggedUnionsTest
Parsing 'cz.habarta.typescript.generator.TaggedUnionsTest$IShape2'
Parsing 'cz.habarta.typescript.generator.TaggedUnionsTest$CSquare2' used in 'IShape2.<subClass>'
Parsing 'cz.habarta.typescript.generator.TaggedUnionsTest$CRectangle2' used in 'IShape2.<subClass>'
Parsing 'cz.habarta.typescript.generator.TaggedUnionsTest$CCircle2' used in 'IShape2.<subClass>'
Parsing 'cz.habarta.typescript.generator.TaggedUnionsTest$IQuadrilateral2' used in 'CSquare2.<interface>'
Tests run: 1, Failures: 1, Errors: 0, Skipped: 0, Time elapsed: 0.242 sec <<< FAILURE! - in cz.habarta.typescript.generator.TaggedUnionsTest
testTaggedUnionsWithInterfaces(cz.habarta.typescript.generator.TaggedUnionsTest)  Time elapsed: 0.24 sec  <<< FAILURE!
org.junit.ComparisonFailure: expected:<...d: "rectangle";
    [width: number;
    height]: number;
}

interfa...> but was:<...d: "rectangle";
    [height: number;
    width]: number;
}

interfa...>
	at org.junit.Assert.assertEquals(Assert.java:115)
	at org.junit.Assert.assertEquals(Assert.java:144)
	at cz.habarta.typescript.generator.TaggedUnionsTest.testTaggedUnionsWithInterfaces(TaggedUnionsTest.java:140)


Results :

Failed tests: 
  TaggedUnionsTest.testTaggedUnionsWithInterfaces:140 expected:<...d: "rectangle";
    [width: number;
    height]: number;
}

interfa...> but was:<...d: "rectangle";
    [height: number;
    width]: number;
}

interfa...>

Tests run: 1, Failures: 1, Errors: 0, Skipped: 0

INFO: Surefire failed when running tests for GXR8QbYgG9NPBO9QGwkzJBn1Lkpslu9zZcXWYMBU=
INFO: Adding excluded groups to newly created one
INFO: Adding NonDex argLine to existing argLine specified by the project
CONFIG: nondexFilter=.*
nondexMode=FULL
nondexSeed=974622
nondexStart=0
nondexEnd=9223372036854775807
nondexPrintstack=false
nondexDir=/home/codebind/typescript-generator/typescript-generator-core/.nondex
nondexJarDir=/home/codebind/typescript-generator/typescript-generator-core/.nondex
nondexExecid=LAIj60x90aXyBkt8KDEcLIfWlHerOdtUEmmRlpSeDGg=
nondexLogging=CONFIG
test=
[[1;34mINFO[m] Surefire report directory: /home/codebind/typescript-generator/typescript-generator-core/.nondex/LAIj60x90aXyBkt8KDEcLIfWlHerOdtUEmmRlpSeDGg=
[[1;34mINFO[m] parallel='none', perCoreThreadCount=true, threadCount=0, useUnlimitedThreads=false, threadCountSuites=0, threadCountClasses=0, threadCountMethods=0, parallelOptimized=true

-------------------------------------------------------
 T E S T S
-------------------------------------------------------
Running cz.habarta.typescript.generator.TaggedUnionsTest
Parsing 'cz.habarta.typescript.generator.TaggedUnionsTest$IShape2'
Parsing 'cz.habarta.typescript.generator.TaggedUnionsTest$CSquare2' used in 'IShape2.<subClass>'
Parsing 'cz.habarta.typescript.generator.TaggedUnionsTest$CRectangle2' used in 'IShape2.<subClass>'
Parsing 'cz.habarta.typescript.generator.TaggedUnionsTest$CCircle2' used in 'IShape2.<subClass>'
Parsing 'cz.habarta.typescript.generator.TaggedUnionsTest$IQuadrilateral2' used in 'CSquare2.<interface>'
Tests run: 1, Failures: 0, Errors: 0, Skipped: 0, Time elapsed: 0.196 sec - in cz.habarta.typescript.generator.TaggedUnionsTest

Results :

Tests run: 1, Failures: 0, Errors: 0, Skipped: 0

INFO: Adding excluded groups to newly created one
INFO: Adding NonDex argLine to existing argLine specified by the project
CONFIG: nondexFilter=.*
nondexMode=FULL
nondexSeed=1016066
nondexStart=0
nondexEnd=9223372036854775807
nondexPrintstack=false
nondexDir=/home/codebind/typescript-generator/typescript-generator-core/.nondex
nondexJarDir=/home/codebind/typescript-generator/typescript-generator-core/.nondex
nondexExecid=yXE5ZS2VfsR2hPf2CB2XOSMnTRkJs+4ncWnR+4wFMg=
nondexLogging=CONFIG
test=
[[1;34mINFO[m] Surefire report directory: /home/codebind/typescript-generator/typescript-generator-core/.nondex/yXE5ZS2VfsR2hPf2CB2XOSMnTRkJs+4ncWnR+4wFMg=
[[1;34mINFO[m] parallel='none', perCoreThreadCount=true, threadCount=0, useUnlimitedThreads=false, threadCountSuites=0, threadCountClasses=0, threadCountMethods=0, parallelOptimized=true

-------------------------------------------------------
 T E S T S
-------------------------------------------------------
Running cz.habarta.typescript.generator.TaggedUnionsTest
Parsing 'cz.habarta.typescript.generator.TaggedUnionsTest$IShape2'
Parsing 'cz.habarta.typescript.generator.TaggedUnionsTest$CSquare2' used in 'IShape2.<subClass>'
Parsing 'cz.habarta.typescript.generator.TaggedUnionsTest$CRectangle2' used in 'IShape2.<subClass>'
Parsing 'cz.habarta.typescript.generator.TaggedUnionsTest$CCircle2' used in 'IShape2.<subClass>'
Parsing 'cz.habarta.typescript.generator.TaggedUnionsTest$IQuadrilateral2' used in 'CSquare2.<interface>'
Tests run: 1, Failures: 1, Errors: 0, Skipped: 0, Time elapsed: 0.309 sec <<< FAILURE! - in cz.habarta.typescript.generator.TaggedUnionsTest
testTaggedUnionsWithInterfaces(cz.habarta.typescript.generator.TaggedUnionsTest)  Time elapsed: 0.308 sec  <<< FAILURE!
org.junit.ComparisonFailure: expected:<...d: "rectangle";
    [width: number;
    height]: number;
}

interfa...> but was:<...d: "rectangle";
    [height: number;
    width]: number;
}

interfa...>
	at org.junit.Assert.assertEquals(Assert.java:115)
	at org.junit.Assert.assertEquals(Assert.java:144)
	at cz.habarta.typescript.generator.TaggedUnionsTest.testTaggedUnionsWithInterfaces(TaggedUnionsTest.java:140)


Results :

Failed tests: 
  TaggedUnionsTest.testTaggedUnionsWithInterfaces:140 expected:<...d: "rectangle";
    [width: number;
    height]: number;
}

interfa...> but was:<...d: "rectangle";
    [height: number;
    width]: number;
}

interfa...>

Tests run: 1, Failures: 1, Errors: 0, Skipped: 0

INFO: Surefire failed when running tests for yXE5ZS2VfsR2hPf2CB2XOSMnTRkJs+4ncWnR+4wFMg=
INFO: Adding excluded groups to newly created one
INFO: Adding NonDex argLine to existing argLine specified by the project
CONFIG: nondexFilter=.*
nondexMode=FULL
nondexSeed=1057510
nondexStart=0
nondexEnd=9223372036854775807
nondexPrintstack=false
nondexDir=/home/codebind/typescript-generator/typescript-generator-core/.nondex
nondexJarDir=/home/codebind/typescript-generator/typescript-generator-core/.nondex
nondexExecid=fvRAMK5JdZp93WO+88UTF7Nl4ENif5reU5Ws5jv0L0=
nondexLogging=CONFIG
test=
[[1;34mINFO[m] Surefire report directory: /home/codebind/typescript-generator/typescript-generator-core/.nondex/fvRAMK5JdZp93WO+88UTF7Nl4ENif5reU5Ws5jv0L0=
[[1;34mINFO[m] parallel='none', perCoreThreadCount=true, threadCount=0, useUnlimitedThreads=false, threadCountSuites=0, threadCountClasses=0, threadCountMethods=0, parallelOptimized=true

-------------------------------------------------------
 T E S T S
-------------------------------------------------------
Running cz.habarta.typescript.generator.TaggedUnionsTest
Parsing 'cz.habarta.typescript.generator.TaggedUnionsTest$IShape2'
Parsing 'cz.habarta.typescript.generator.TaggedUnionsTest$CSquare2' used in 'IShape2.<subClass>'
Parsing 'cz.habarta.typescript.generator.TaggedUnionsTest$CRectangle2' used in 'IShape2.<subClass>'
Parsing 'cz.habarta.typescript.generator.TaggedUnionsTest$CCircle2' used in 'IShape2.<subClass>'
Parsing 'cz.habarta.typescript.generator.TaggedUnionsTest$IQuadrilateral2' used in 'CSquare2.<interface>'
Tests run: 1, Failures: 1, Errors: 0, Skipped: 0, Time elapsed: 0.193 sec <<< FAILURE! - in cz.habarta.typescript.generator.TaggedUnionsTest
testTaggedUnionsWithInterfaces(cz.habarta.typescript.generator.TaggedUnionsTest)  Time elapsed: 0.193 sec  <<< FAILURE!
org.junit.ComparisonFailure: expected:<...d: "rectangle";
    [width: number;
    height]: number;
}

interfa...> but was:<...d: "rectangle";
    [height: number;
    width]: number;
}

interfa...>
	at org.junit.Assert.assertEquals(Assert.java:115)
	at org.junit.Assert.assertEquals(Assert.java:144)
	at cz.habarta.typescript.generator.TaggedUnionsTest.testTaggedUnionsWithInterfaces(TaggedUnionsTest.java:140)


Results :

Failed tests: 
  TaggedUnionsTest.testTaggedUnionsWithInterfaces:140 expected:<...d: "rectangle";
    [width: number;
    height]: number;
}

interfa...> but was:<...d: "rectangle";
    [height: number;
    width]: number;
}

interfa...>

Tests run: 1, Failures: 1, Errors: 0, Skipped: 0

INFO: Surefire failed when running tests for fvRAMK5JdZp93WO+88UTF7Nl4ENif5reU5Ws5jv0L0=
INFO: Adding excluded groups to newly created one
INFO: Adding NonDex argLine to existing argLine specified by the project
CONFIG: nondexFilter=.*
nondexMode=FULL
nondexSeed=1098954
nondexStart=0
nondexEnd=9223372036854775807
nondexPrintstack=false
nondexDir=/home/codebind/typescript-generator/typescript-generator-core/.nondex
nondexJarDir=/home/codebind/typescript-generator/typescript-generator-core/.nondex
nondexExecid=vhzXxFAMNHliF5sz7KauZqYi30nbMUKREvXhnzW2vk=
nondexLogging=CONFIG
test=
[[1;34mINFO[m] Surefire report directory: /home/codebind/typescript-generator/typescript-generator-core/.nondex/vhzXxFAMNHliF5sz7KauZqYi30nbMUKREvXhnzW2vk=
[[1;34mINFO[m] parallel='none', perCoreThreadCount=true, threadCount=0, useUnlimitedThreads=false, threadCountSuites=0, threadCountClasses=0, threadCountMethods=0, parallelOptimized=true

-------------------------------------------------------
 T E S T S
-------------------------------------------------------
Running cz.habarta.typescript.generator.TaggedUnionsTest
Parsing 'cz.habarta.typescript.generator.TaggedUnionsTest$IShape2'
Parsing 'cz.habarta.typescript.generator.TaggedUnionsTest$CSquare2' used in 'IShape2.<subClass>'
Parsing 'cz.habarta.typescript.generator.TaggedUnionsTest$CRectangle2' used in 'IShape2.<subClass>'
Parsing 'cz.habarta.typescript.generator.TaggedUnionsTest$CCircle2' used in 'IShape2.<subClass>'
Parsing 'cz.habarta.typescript.generator.TaggedUnionsTest$IQuadrilateral2' used in 'CSquare2.<interface>'
Tests run: 1, Failures: 0, Errors: 0, Skipped: 0, Time elapsed: 0.167 sec - in cz.habarta.typescript.generator.TaggedUnionsTest

Results :

Tests run: 1, Failures: 0, Errors: 0, Skipped: 0

INFO: Adding excluded groups to newly created one
INFO: Adding NonDex argLine to existing argLine specified by the project
CONFIG: nondexFilter=.*
nondexMode=FULL
nondexSeed=1140398
nondexStart=0
nondexEnd=9223372036854775807
nondexPrintstack=false
nondexDir=/home/codebind/typescript-generator/typescript-generator-core/.nondex
nondexJarDir=/home/codebind/typescript-generator/typescript-generator-core/.nondex
nondexExecid=69gDDGHRpC9cGEey526m8mEVSop9bkDeB+10gYQNA2A=
nondexLogging=CONFIG
test=
[[1;34mINFO[m] Surefire report directory: /home/codebind/typescript-generator/typescript-generator-core/.nondex/69gDDGHRpC9cGEey526m8mEVSop9bkDeB+10gYQNA2A=
[[1;34mINFO[m] parallel='none', perCoreThreadCount=true, threadCount=0, useUnlimitedThreads=false, threadCountSuites=0, threadCountClasses=0, threadCountMethods=0, parallelOptimized=true

-------------------------------------------------------
 T E S T S
-------------------------------------------------------
Running cz.habarta.typescript.generator.TaggedUnionsTest
Parsing 'cz.habarta.typescript.generator.TaggedUnionsTest$IShape2'
Parsing 'cz.habarta.typescript.generator.TaggedUnionsTest$CSquare2' used in 'IShape2.<subClass>'
Parsing 'cz.habarta.typescript.generator.TaggedUnionsTest$CRectangle2' used in 'IShape2.<subClass>'
Parsing 'cz.habarta.typescript.generator.TaggedUnionsTest$CCircle2' used in 'IShape2.<subClass>'
Parsing 'cz.habarta.typescript.generator.TaggedUnionsTest$IQuadrilateral2' used in 'CSquare2.<interface>'
Tests run: 1, Failures: 0, Errors: 0, Skipped: 0, Time elapsed: 0.298 sec - in cz.habarta.typescript.generator.TaggedUnionsTest

Results :

Tests run: 1, Failures: 0, Errors: 0, Skipped: 0

INFO: Adding excluded groups to newly created one
INFO: Adding NonDex argLine to existing argLine specified by the project
CONFIG: nondexFilter=.*
nondexMode=FULL
nondexSeed=1181842
nondexStart=0
nondexEnd=9223372036854775807
nondexPrintstack=false
nondexDir=/home/codebind/typescript-generator/typescript-generator-core/.nondex
nondexJarDir=/home/codebind/typescript-generator/typescript-generator-core/.nondex
nondexExecid=vey1yLBh2UihjgIh+tsPKM92HP0CvfxywMkB1Fczno=
nondexLogging=CONFIG
test=
[[1;34mINFO[m] Surefire report directory: /home/codebind/typescript-generator/typescript-generator-core/.nondex/vey1yLBh2UihjgIh+tsPKM92HP0CvfxywMkB1Fczno=
[[1;34mINFO[m] parallel='none', perCoreThreadCount=true, threadCount=0, useUnlimitedThreads=false, threadCountSuites=0, threadCountClasses=0, threadCountMethods=0, parallelOptimized=true

-------------------------------------------------------
 T E S T S
-------------------------------------------------------
Running cz.habarta.typescript.generator.TaggedUnionsTest
Parsing 'cz.habarta.typescript.generator.TaggedUnionsTest$IShape2'
Parsing 'cz.habarta.typescript.generator.TaggedUnionsTest$CSquare2' used in 'IShape2.<subClass>'
Parsing 'cz.habarta.typescript.generator.TaggedUnionsTest$CRectangle2' used in 'IShape2.<subClass>'
Parsing 'cz.habarta.typescript.generator.TaggedUnionsTest$CCircle2' used in 'IShape2.<subClass>'
Parsing 'cz.habarta.typescript.generator.TaggedUnionsTest$IQuadrilateral2' used in 'CSquare2.<interface>'
Tests run: 1, Failures: 0, Errors: 0, Skipped: 0, Time elapsed: 0.184 sec - in cz.habarta.typescript.generator.TaggedUnionsTest

Results :

Tests run: 1, Failures: 0, Errors: 0, Skipped: 0

INFO: Adding excluded groups to newly created one
INFO: Adding NonDex argLine to existing argLine specified by the project
CONFIG: nondexFilter=.*
nondexMode=FULL
nondexSeed=1223286
nondexStart=0
nondexEnd=9223372036854775807
nondexPrintstack=false
nondexDir=/home/codebind/typescript-generator/typescript-generator-core/.nondex
nondexJarDir=/home/codebind/typescript-generator/typescript-generator-core/.nondex
nondexExecid=BOb1PiPcagkjM2zzp3wJU9h+QrYzuRvc3pRB5rArK0=
nondexLogging=CONFIG
test=
[[1;34mINFO[m] Surefire report directory: /home/codebind/typescript-generator/typescript-generator-core/.nondex/BOb1PiPcagkjM2zzp3wJU9h+QrYzuRvc3pRB5rArK0=
[[1;34mINFO[m] parallel='none', perCoreThreadCount=true, threadCount=0, useUnlimitedThreads=false, threadCountSuites=0, threadCountClasses=0, threadCountMethods=0, parallelOptimized=true

-------------------------------------------------------
 T E S T S
-------------------------------------------------------
Running cz.habarta.typescript.generator.TaggedUnionsTest
Parsing 'cz.habarta.typescript.generator.TaggedUnionsTest$IShape2'
Parsing 'cz.habarta.typescript.generator.TaggedUnionsTest$CSquare2' used in 'IShape2.<subClass>'
Parsing 'cz.habarta.typescript.generator.TaggedUnionsTest$CRectangle2' used in 'IShape2.<subClass>'
Parsing 'cz.habarta.typescript.generator.TaggedUnionsTest$CCircle2' used in 'IShape2.<subClass>'
Parsing 'cz.habarta.typescript.generator.TaggedUnionsTest$IQuadrilateral2' used in 'CSquare2.<interface>'
Tests run: 1, Failures: 1, Errors: 0, Skipped: 0, Time elapsed: 0.14 sec <<< FAILURE! - in cz.habarta.typescript.generator.TaggedUnionsTest
testTaggedUnionsWithInterfaces(cz.habarta.typescript.generator.TaggedUnionsTest)  Time elapsed: 0.14 sec  <<< FAILURE!
org.junit.ComparisonFailure: expected:<...d: "rectangle";
    [width: number;
    height]: number;
}

interfa...> but was:<...d: "rectangle";
    [height: number;
    width]: number;
}

interfa...>
	at org.junit.Assert.assertEquals(Assert.java:115)
	at org.junit.Assert.assertEquals(Assert.java:144)
	at cz.habarta.typescript.generator.TaggedUnionsTest.testTaggedUnionsWithInterfaces(TaggedUnionsTest.java:140)


Results :

Failed tests: 
  TaggedUnionsTest.testTaggedUnionsWithInterfaces:140 expected:<...d: "rectangle";
    [width: number;
    height]: number;
}

interfa...> but was:<...d: "rectangle";
    [height: number;
    width]: number;
}

interfa...>

Tests run: 1, Failures: 1, Errors: 0, Skipped: 0

INFO: Surefire failed when running tests for BOb1PiPcagkjM2zzp3wJU9h+QrYzuRvc3pRB5rArK0=
INFO: Adding excluded groups to newly created one
INFO: Adding NonDex argLine to existing argLine specified by the project
CONFIG: nondexFilter=.*
nondexMode=FULL
nondexSeed=1264730
nondexStart=0
nondexEnd=9223372036854775807
nondexPrintstack=false
nondexDir=/home/codebind/typescript-generator/typescript-generator-core/.nondex
nondexJarDir=/home/codebind/typescript-generator/typescript-generator-core/.nondex
nondexExecid=3DiG69cvUmPc15eg3d5hKcQXVSLdGcLNn+KEvxQZR4E=
nondexLogging=CONFIG
test=
[[1;34mINFO[m] Surefire report directory: /home/codebind/typescript-generator/typescript-generator-core/.nondex/3DiG69cvUmPc15eg3d5hKcQXVSLdGcLNn+KEvxQZR4E=
[[1;34mINFO[m] parallel='none', perCoreThreadCount=true, threadCount=0, useUnlimitedThreads=false, threadCountSuites=0, threadCountClasses=0, threadCountMethods=0, parallelOptimized=true

-------------------------------------------------------
 T E S T S
-------------------------------------------------------
Running cz.habarta.typescript.generator.TaggedUnionsTest
Parsing 'cz.habarta.typescript.generator.TaggedUnionsTest$IShape2'
Parsing 'cz.habarta.typescript.generator.TaggedUnionsTest$CSquare2' used in 'IShape2.<subClass>'
Parsing 'cz.habarta.typescript.generator.TaggedUnionsTest$CRectangle2' used in 'IShape2.<subClass>'
Parsing 'cz.habarta.typescript.generator.TaggedUnionsTest$CCircle2' used in 'IShape2.<subClass>'
Parsing 'cz.habarta.typescript.generator.TaggedUnionsTest$IQuadrilateral2' used in 'CSquare2.<interface>'
Tests run: 1, Failures: 0, Errors: 0, Skipped: 0, Time elapsed: 0.187 sec - in cz.habarta.typescript.generator.TaggedUnionsTest

Results :

Tests run: 1, Failures: 0, Errors: 0, Skipped: 0

INFO: Adding excluded groups to newly created one
INFO: Adding NonDex argLine to existing argLine specified by the project
CONFIG: nondexFilter=.*
nondexMode=FULL
nondexSeed=1306174
nondexStart=0
nondexEnd=9223372036854775807
nondexPrintstack=false
nondexDir=/home/codebind/typescript-generator/typescript-generator-core/.nondex
nondexJarDir=/home/codebind/typescript-generator/typescript-generator-core/.nondex
nondexExecid=7mtByFrMjHZdcc6+umWMG63B0z+YLGb19GWqQHft0=
nondexLogging=CONFIG
test=
[[1;34mINFO[m] Surefire report directory: /home/codebind/typescript-generator/typescript-generator-core/.nondex/7mtByFrMjHZdcc6+umWMG63B0z+YLGb19GWqQHft0=
[[1;34mINFO[m] parallel='none', perCoreThreadCount=true, threadCount=0, useUnlimitedThreads=false, threadCountSuites=0, threadCountClasses=0, threadCountMethods=0, parallelOptimized=true

-------------------------------------------------------
 T E S T S
-------------------------------------------------------
Running cz.habarta.typescript.generator.TaggedUnionsTest
Parsing 'cz.habarta.typescript.generator.TaggedUnionsTest$IShape2'
Parsing 'cz.habarta.typescript.generator.TaggedUnionsTest$CSquare2' used in 'IShape2.<subClass>'
Parsing 'cz.habarta.typescript.generator.TaggedUnionsTest$CRectangle2' used in 'IShape2.<subClass>'
Parsing 'cz.habarta.typescript.generator.TaggedUnionsTest$CCircle2' used in 'IShape2.<subClass>'
Parsing 'cz.habarta.typescript.generator.TaggedUnionsTest$IQuadrilateral2' used in 'CSquare2.<interface>'
Tests run: 1, Failures: 1, Errors: 0, Skipped: 0, Time elapsed: 0.176 sec <<< FAILURE! - in cz.habarta.typescript.generator.TaggedUnionsTest
testTaggedUnionsWithInterfaces(cz.habarta.typescript.generator.TaggedUnionsTest)  Time elapsed: 0.172 sec  <<< FAILURE!
org.junit.ComparisonFailure: expected:<...d: "rectangle";
    [width: number;
    height]: number;
}

interfa...> but was:<...d: "rectangle";
    [height: number;
    width]: number;
}

interfa...>
	at org.junit.Assert.assertEquals(Assert.java:115)
	at org.junit.Assert.assertEquals(Assert.java:144)
	at cz.habarta.typescript.generator.TaggedUnionsTest.testTaggedUnionsWithInterfaces(TaggedUnionsTest.java:140)


Results :

Failed tests: 
  TaggedUnionsTest.testTaggedUnionsWithInterfaces:140 expected:<...d: "rectangle";
    [width: number;
    height]: number;
}

interfa...> but was:<...d: "rectangle";
    [height: number;
    width]: number;
}

interfa...>

Tests run: 1, Failures: 1, Errors: 0, Skipped: 0

INFO: Surefire failed when running tests for 7mtByFrMjHZdcc6+umWMG63B0z+YLGb19GWqQHft0=
[[1;34mINFO[m] NonDex SUMMARY:
[[1;34mINFO[m] *********
[[1;34mINFO[m] mvn nondex:nondex  -DnondexFilter='.*' -DnondexMode=FULL -DnondexSeed=933178 -DnondexStart=0 -DnondexEnd=9223372036854775807 -DnondexPrintstack=false -DnondexDir="/home/codebind/typescript-generator/typescript-generator-core/.nondex" -DnondexJarDir="/home/codebind/typescript-generator/typescript-generator-core/.nondex" -DnondexExecid=GXR8QbYgG9NPBO9QGwkzJBn1Lkpslu9zZcXWYMBU= -DnondexLogging=CONFIG
[[1;33mWARNING[m] cz.habarta.typescript.generator.TaggedUnionsTest#testTaggedUnionsWithInterfaces
[[1;34mINFO[m] *********
[[1;34mINFO[m] *********
[[1;34mINFO[m] mvn nondex:nondex  -DnondexFilter='.*' -DnondexMode=FULL -DnondexSeed=974622 -DnondexStart=0 -DnondexEnd=9223372036854775807 -DnondexPrintstack=false -DnondexDir="/home/codebind/typescript-generator/typescript-generator-core/.nondex" -DnondexJarDir="/home/codebind/typescript-generator/typescript-generator-core/.nondex" -DnondexExecid=LAIj60x90aXyBkt8KDEcLIfWlHerOdtUEmmRlpSeDGg= -DnondexLogging=CONFIG
[[1;34mINFO[m] No Test Failed with this configuration.
[[1;34mINFO[m] *********
[[1;34mINFO[m] *********
[[1;34mINFO[m] mvn nondex:nondex  -DnondexFilter='.*' -DnondexMode=FULL -DnondexSeed=1016066 -DnondexStart=0 -DnondexEnd=9223372036854775807 -DnondexPrintstack=false -DnondexDir="/home/codebind/typescript-generator/typescript-generator-core/.nondex" -DnondexJarDir="/home/codebind/typescript-generator/typescript-generator-core/.nondex" -DnondexExecid=yXE5ZS2VfsR2hPf2CB2XOSMnTRkJs+4ncWnR+4wFMg= -DnondexLogging=CONFIG
[[1;33mWARNING[m] cz.habarta.typescript.generator.TaggedUnionsTest#testTaggedUnionsWithInterfaces
[[1;34mINFO[m] *********
[[1;34mINFO[m] *********
[[1;34mINFO[m] mvn nondex:nondex  -DnondexFilter='.*' -DnondexMode=FULL -DnondexSeed=1057510 -DnondexStart=0 -DnondexEnd=9223372036854775807 -DnondexPrintstack=false -DnondexDir="/home/codebind/typescript-generator/typescript-generator-core/.nondex" -DnondexJarDir="/home/codebind/typescript-generator/typescript-generator-core/.nondex" -DnondexExecid=fvRAMK5JdZp93WO+88UTF7Nl4ENif5reU5Ws5jv0L0= -DnondexLogging=CONFIG
[[1;33mWARNING[m] cz.habarta.typescript.generator.TaggedUnionsTest#testTaggedUnionsWithInterfaces
[[1;34mINFO[m] *********
[[1;34mINFO[m] *********
[[1;34mINFO[m] mvn nondex:nondex  -DnondexFilter='.*' -DnondexMode=FULL -DnondexSeed=1098954 -DnondexStart=0 -DnondexEnd=9223372036854775807 -DnondexPrintstack=false -DnondexDir="/home/codebind/typescript-generator/typescript-generator-core/.nondex" -DnondexJarDir="/home/codebind/typescript-generator/typescript-generator-core/.nondex" -DnondexExecid=vhzXxFAMNHliF5sz7KauZqYi30nbMUKREvXhnzW2vk= -DnondexLogging=CONFIG
[[1;34mINFO[m] No Test Failed with this configuration.
[[1;34mINFO[m] *********
[[1;34mINFO[m] *********
[[1;34mINFO[m] mvn nondex:nondex  -DnondexFilter='.*' -DnondexMode=FULL -DnondexSeed=1140398 -DnondexStart=0 -DnondexEnd=9223372036854775807 -DnondexPrintstack=false -DnondexDir="/home/codebind/typescript-generator/typescript-generator-core/.nondex" -DnondexJarDir="/home/codebind/typescript-generator/typescript-generator-core/.nondex" -DnondexExecid=69gDDGHRpC9cGEey526m8mEVSop9bkDeB+10gYQNA2A= -DnondexLogging=CONFIG
[[1;34mINFO[m] No Test Failed with this configuration.
[[1;34mINFO[m] *********
[[1;34mINFO[m] *********
[[1;34mINFO[m] mvn nondex:nondex  -DnondexFilter='.*' -DnondexMode=FULL -DnondexSeed=1181842 -DnondexStart=0 -DnondexEnd=9223372036854775807 -DnondexPrintstack=false -DnondexDir="/home/codebind/typescript-generator/typescript-generator-core/.nondex" -DnondexJarDir="/home/codebind/typescript-generator/typescript-generator-core/.nondex" -DnondexExecid=vey1yLBh2UihjgIh+tsPKM92HP0CvfxywMkB1Fczno= -DnondexLogging=CONFIG
[[1;34mINFO[m] No Test Failed with this configuration.
[[1;34mINFO[m] *********
[[1;34mINFO[m] *********
[[1;34mINFO[m] mvn nondex:nondex  -DnondexFilter='.*' -DnondexMode=FULL -DnondexSeed=1223286 -DnondexStart=0 -DnondexEnd=9223372036854775807 -DnondexPrintstack=false -DnondexDir="/home/codebind/typescript-generator/typescript-generator-core/.nondex" -DnondexJarDir="/home/codebind/typescript-generator/typescript-generator-core/.nondex" -DnondexExecid=BOb1PiPcagkjM2zzp3wJU9h+QrYzuRvc3pRB5rArK0= -DnondexLogging=CONFIG
[[1;33mWARNING[m] cz.habarta.typescript.generator.TaggedUnionsTest#testTaggedUnionsWithInterfaces
[[1;34mINFO[m] *********
[[1;34mINFO[m] *********
[[1;34mINFO[m] mvn nondex:nondex  -DnondexFilter='.*' -DnondexMode=FULL -DnondexSeed=1264730 -DnondexStart=0 -DnondexEnd=9223372036854775807 -DnondexPrintstack=false -DnondexDir="/home/codebind/typescript-generator/typescript-generator-core/.nondex" -DnondexJarDir="/home/codebind/typescript-generator/typescript-generator-core/.nondex" -DnondexExecid=3DiG69cvUmPc15eg3d5hKcQXVSLdGcLNn+KEvxQZR4E= -DnondexLogging=CONFIG
[[1;34mINFO[m] No Test Failed with this configuration.
[[1;34mINFO[m] *********
[[1;34mINFO[m] *********
[[1;34mINFO[m] mvn nondex:nondex  -DnondexFilter='.*' -DnondexMode=FULL -DnondexSeed=1306174 -DnondexStart=0 -DnondexEnd=9223372036854775807 -DnondexPrintstack=false -DnondexDir="/home/codebind/typescript-generator/typescript-generator-core/.nondex" -DnondexJarDir="/home/codebind/typescript-generator/typescript-generator-core/.nondex" -DnondexExecid=7mtByFrMjHZdcc6+umWMG63B0z+YLGb19GWqQHft0= -DnondexLogging=CONFIG
[[1;33mWARNING[m] cz.habarta.typescript.generator.TaggedUnionsTest#testTaggedUnionsWithInterfaces
[[1;34mINFO[m] *********
[[1;34mINFO[m] Across all seeds:
[[1;34mINFO[m] cz.habarta.typescript.generator.TaggedUnionsTest#testTaggedUnionsWithInterfaces
[[1;34mINFO[m] Test results can be found at: 
[[1;34mINFO[m] file:///home/codebind/typescript-generator/typescript-generator-core/.nondex/GXR8QbYgG9NPBO9QGwkzJBn1Lkpslu9zZcXWYMBU=/test_results.html
[[1;34mINFO[m] [NonDex] The id of this run is: GXR8QbYgG9NPBO9QGwkzJBn1Lkpslu9zZcXWYMBU=
[[1;34mINFO[m] [1m------------------------------------------------------------------------[m
[[1;34mINFO[m] [1;31mBUILD FAILURE[m
[[1;34mINFO[m] [1m------------------------------------------------------------------------[m
[[1;34mINFO[m] Total time:  7.534 s
[[1;34mINFO[m] Finished at: 2025-06-17T21:23:34Z
[[1;34mINFO[m] [1m------------------------------------------------------------------------[m
[[1;31mERROR[m] Failed to execute goal [32medu.illinois:nondex-maven-plugin:1.1.2:nondex[m [1m(default-cli)[m on project [36mtypescript-generator-core[m: [1;31mUnable to execute mojo[m: There are test failures.
[[1;31mERROR[m] 
[[1;31mERROR[m] Please refer to /home/codebind/typescript-generator/typescript-generator-core/.nondex/GXR8QbYgG9NPBO9QGwkzJBn1Lkpslu9zZcXWYMBU= for the individual test results.
[[1;31mERROR[m] -> [1m[Help 1][m
[[1;31mERROR[m] 
[[1;31mERROR[m] To see the full stack trace of the errors, re-run Maven with the [1m-e[m switch.
[[1;31mERROR[m] Re-run Maven using the [1m-X[m switch to enable full debug logging.
[[1;31mERROR[m] 
[[1;31mERROR[m] For more information about the errors and possible solutions, please read the following articles:
[[1;31mERROR[m] [1m[Help 1][m http://cwiki.apache.org/confluence/display/MAVEN/MojoExecutionException
